<<<<<<< HEAD
----------------------------------------------------------------
Mon Sep 25 10:36:17 COT 2017:
 Iniciando instancia a816c00e-015e-b9ae-8caf-000013d50560 de Derby, versión The Apache Software Foundation - Apache Derby - 10.10.2.0 - (1582446): 
en el directorio de base de datos C:\Users\mf.valllejo\AppData\Local\Temp\gfembed6893068103307901043tmp\lib\databases\embedded_default con el cargador de clases sun.misc.Launcher$AppClassLoader@18b4aac2
Cargado desde file:/C:/Users/mf.valllejo/.m2/repository/org/glassfish/main/extras/glassfish-embedded-all/4.1/glassfish-embedded-all-4.1.jar
java.vendor=Oracle Corporation
java.runtime.version=1.8.0_144-b01
user.dir=C:\Users\mf.valllejo\Documents\NetBeansProjects\s4_bodas\boda-back
=======
----------------------------------------------------------------
Mon Sep 25 11:13:30 COT 2017:
 Iniciando instancia a816c00e-015e-b9d0-9d1e-00000d70f628 de Derby, versión The Apache Software Foundation - Apache Derby - 10.10.2.0 - (1582446): 
en el directorio de base de datos C:\Users\nf.ortiz\AppData\Local\Temp\gfembed8532484398250559215tmp\lib\databases\embedded_default con el cargador de clases sun.misc.Launcher$AppClassLoader@6bc7c054
Cargado desde file:/C:/Users/nf.ortiz/.m2/repository/org/glassfish/main/extras/glassfish-embedded-all/4.1/glassfish-embedded-all-4.1.jar
java.vendor=Oracle Corporation
java.runtime.version=1.8.0_144-b01
user.dir=C:\Users\nf.ortiz\Documents\NetBeansProjects\Proyecto_Importante\s4_bodas\boda-back
>>>>>>> cfa6b61178236b8a4913cb54a807e0963a5cf7d5
os.name=Windows 7
os.arch=amd64
os.version=6.1
derby.system.home=null
Cargador de clases de base de datos iniciado - derby.database.classpath=''
